<?xml version="1.0" encoding="utf-8"?>
<?AutomationStudio Version="4.9.2.46"?>
<Objects>
  <Object
    Path="C:\Users\leoch\OneDrive - HTBLA Kaindorf\4.Klasse\Labor\SR\2.Runde\Neuer Ordner\Stanze\Logical\Package.pkg"
    LogicalPath=""
    Type="Package.ParentUnknown"
    LastWriteTime="132624365109345500" />
  <Object
    Path="C:\Users\leoch\OneDrive - HTBLA Kaindorf\4.Klasse\Labor\SR\2.Runde\Neuer Ordner\Stanze\Logical\Global.typ"
    LogicalPath="Global.typ"
    Type="File"
    LastWriteTime="132624325109482050"
    Private="false" />
  <Object
    Path="C:\Users\leoch\OneDrive - HTBLA Kaindorf\4.Klasse\Labor\SR\2.Runde\Neuer Ordner\Stanze\Logical\Global.var"
    LogicalPath="Global.var"
    Type="File"
    LastWriteTime="132624325109682555"
    Private="false" />
  <Object
    Path="C:\Users\leoch\OneDrive - HTBLA Kaindorf\4.Klasse\Labor\SR\2.Runde\Neuer Ordner\Stanze\Logical\Libraries\Package.pkg"
    LogicalPath="Libraries"
    Type="Package"
    LastWriteTime="132624326163195735" />
  <Object
    Path="C:\Users\leoch\OneDrive - HTBLA Kaindorf\4.Klasse\Labor\SR\2.Runde\Neuer Ordner\Stanze\Logical\Libraries\operator\binary.lby"
    LogicalPath="Libraries.operator"
    Type="Library"
    LastWriteTime="132624325137358834" />
  <Object
    Path="C:\Users\leoch\OneDrive - HTBLA Kaindorf\4.Klasse\Labor\SR\2.Runde\Neuer Ordner\Stanze\Logical\Libraries\operator\operator.fun"
    LogicalPath="Libraries.operator.operator.fun"
    Type="File"
    LastWriteTime="132624325137208816"
    Private="false" />
  <Object
    Path="C:\Users\leoch\OneDrive - HTBLA Kaindorf\4.Klasse\Labor\SR\2.Runde\Neuer Ordner\Stanze\Logical\Libraries\operator\operator.typ"
    LogicalPath="Libraries.operator.operator.typ"
    Type="File"
    LastWriteTime="132624325137288845"
    Private="false" />
  <Object
    Path="C:\Users\leoch\OneDrive - HTBLA Kaindorf\4.Klasse\Labor\SR\2.Runde\Neuer Ordner\Stanze\Logical\Libraries\operator\operator.var"
    LogicalPath="Libraries.operator.operator.var"
    Type="File"
    LastWriteTime="132624325137348813"
    Private="false" />
  <Object
    Path="C:\Users\leoch\OneDrive - HTBLA Kaindorf\4.Klasse\Labor\SR\2.Runde\Neuer Ordner\Stanze\Logical\Libraries\runtime\binary.lby"
    LogicalPath="Libraries.runtime"
    Type="Library"
    LastWriteTime="132624325140669104" />
  <Object
    Path="C:\Users\leoch\OneDrive - HTBLA Kaindorf\4.Klasse\Labor\SR\2.Runde\Neuer Ordner\Stanze\Logical\Libraries\runtime\runtime.fun"
    LogicalPath="Libraries.runtime.runtime.fun"
    Type="File"
    LastWriteTime="132624325140549109"
    Private="false" />
  <Object
    Path="C:\Users\leoch\OneDrive - HTBLA Kaindorf\4.Klasse\Labor\SR\2.Runde\Neuer Ordner\Stanze\Logical\Libraries\runtime\runtime.typ"
    LogicalPath="Libraries.runtime.runtime.typ"
    Type="File"
    LastWriteTime="132624325140579112"
    Private="false" />
  <Object
    Path="C:\Users\leoch\OneDrive - HTBLA Kaindorf\4.Klasse\Labor\SR\2.Runde\Neuer Ordner\Stanze\Logical\Libraries\runtime\runtime.var"
    LogicalPath="Libraries.runtime.runtime.var"
    Type="File"
    LastWriteTime="132624325140659123"
    Private="false" />
  <Object
    Path="C:\Users\leoch\OneDrive - HTBLA Kaindorf\4.Klasse\Labor\SR\2.Runde\Neuer Ordner\Stanze\Logical\Libraries\astime\binary.lby"
    LogicalPath="Libraries.astime"
    Type="Library"
    LastWriteTime="132624325144169105" />
  <Object
    Path="C:\Users\leoch\OneDrive - HTBLA Kaindorf\4.Klasse\Labor\SR\2.Runde\Neuer Ordner\Stanze\Logical\Libraries\astime\astime.fun"
    LogicalPath="Libraries.astime.astime.fun"
    Type="File"
    LastWriteTime="132624325143989106"
    Private="false" />
  <Object
    Path="C:\Users\leoch\OneDrive - HTBLA Kaindorf\4.Klasse\Labor\SR\2.Runde\Neuer Ordner\Stanze\Logical\Libraries\astime\astime.typ"
    LogicalPath="Libraries.astime.astime.typ"
    Type="File"
    LastWriteTime="132624325144089118"
    Private="false" />
  <Object
    Path="C:\Users\leoch\OneDrive - HTBLA Kaindorf\4.Klasse\Labor\SR\2.Runde\Neuer Ordner\Stanze\Logical\Libraries\astime\astime.var"
    LogicalPath="Libraries.astime.astime.var"
    Type="File"
    LastWriteTime="132624325144169105"
    Private="false" />
  <Object
    Path="C:\Users\leoch\OneDrive - HTBLA Kaindorf\4.Klasse\Labor\SR\2.Runde\Neuer Ordner\Stanze\Logical\Libraries\AsIecCon\binary.lby"
    LogicalPath="Libraries.AsIecCon"
    Type="Library"
    LastWriteTime="132624325147509103" />
  <Object
    Path="C:\Users\leoch\OneDrive - HTBLA Kaindorf\4.Klasse\Labor\SR\2.Runde\Neuer Ordner\Stanze\Logical\Libraries\AsIecCon\AsIecCon.fun"
    LogicalPath="Libraries.AsIecCon.AsIecCon.fun"
    Type="File"
    LastWriteTime="132624325147429128"
    Private="false" />
  <Object
    Path="C:\Users\leoch\OneDrive - HTBLA Kaindorf\4.Klasse\Labor\SR\2.Runde\Neuer Ordner\Stanze\Logical\Libraries\AsIecCon\AsIecCon.typ"
    LogicalPath="Libraries.AsIecCon.AsIecCon.typ"
    Type="File"
    LastWriteTime="132624325147479111"
    Private="false" />
  <Object
    Path="C:\Users\leoch\OneDrive - HTBLA Kaindorf\4.Klasse\Labor\SR\2.Runde\Neuer Ordner\Stanze\Logical\Libraries\AsIecCon\AsIecCon.var"
    LogicalPath="Libraries.AsIecCon.AsIecCon.var"
    Type="File"
    LastWriteTime="132624325147499109"
    Private="false" />
  <Object
    Path="C:\Users\leoch\OneDrive - HTBLA Kaindorf\4.Klasse\Labor\SR\2.Runde\Neuer Ordner\Stanze\Logical\Libraries\standard\binary.lby"
    LogicalPath="Libraries.standard"
    Type="Library"
    LastWriteTime="132624326162965758" />
  <Object
    Path="C:\Users\leoch\OneDrive - HTBLA Kaindorf\4.Klasse\Labor\SR\2.Runde\Neuer Ordner\Stanze\Logical\Libraries\standard\standard.fun"
    LogicalPath="Libraries.standard.standard.fun"
    Type="File"
    LastWriteTime="132624326162895774"
    Private="false" />
  <Object
    Path="C:\Users\leoch\OneDrive - HTBLA Kaindorf\4.Klasse\Labor\SR\2.Runde\Neuer Ordner\Stanze\Logical\Libraries\standard\standard.typ"
    LogicalPath="Libraries.standard.standard.typ"
    Type="File"
    LastWriteTime="132624326162935745"
    Private="false" />
  <Object
    Path="C:\Users\leoch\OneDrive - HTBLA Kaindorf\4.Klasse\Labor\SR\2.Runde\Neuer Ordner\Stanze\Logical\Libraries\standard\standard.var"
    LogicalPath="Libraries.standard.standard.var"
    Type="File"
    LastWriteTime="132624326162955776"
    Private="false" />
  <Object
    Path="C:\Users\leoch\OneDrive - HTBLA Kaindorf\4.Klasse\Labor\SR\2.Runde\Neuer Ordner\Stanze\Logical\Program\ANSIC.prg"
    LogicalPath="Program"
    Type="Program"
    LastWriteTime="132624325368540099" />
  <Object
    Path="C:\Users\leoch\OneDrive - HTBLA Kaindorf\4.Klasse\Labor\SR\2.Runde\Neuer Ordner\Stanze\Logical\Program\Main.c"
    LogicalPath="Program.Main.c"
    Type="File"
    LastWriteTime="132624347147470616"
    Private="false" />
  <Object
    Path="C:\Users\leoch\OneDrive - HTBLA Kaindorf\4.Klasse\Labor\SR\2.Runde\Neuer Ordner\Stanze\Logical\Program\Types.typ"
    LogicalPath="Program.Types.typ"
    Type="File"
    LastWriteTime="132624325368520099"
    Private="true" />
  <Object
    Path="C:\Users\leoch\OneDrive - HTBLA Kaindorf\4.Klasse\Labor\SR\2.Runde\Neuer Ordner\Stanze\Logical\Program\Variables.var"
    LogicalPath="Program.Variables.var"
    Type="File"
    LastWriteTime="132624333188429193"
    Private="true" />
  <Object
    Path="C:\Users\leoch\OneDrive - HTBLA Kaindorf\4.Klasse\Labor\SR\2.Runde\Neuer Ordner\Stanze\Logical\Program1\ANSIC.prg"
    LogicalPath="Program1"
    Type="Program"
    LastWriteTime="132624365109325587" />
  <Object
    Path="C:\Users\leoch\OneDrive - HTBLA Kaindorf\4.Klasse\Labor\SR\2.Runde\Neuer Ordner\Stanze\Logical\Program1\Main.c"
    LogicalPath="Program1.Main.c"
    Type="File"
    LastWriteTime="132624384585503290"
    Private="false" />
  <Object
    Path="C:\Users\leoch\OneDrive - HTBLA Kaindorf\4.Klasse\Labor\SR\2.Runde\Neuer Ordner\Stanze\Logical\Program1\Types.typ"
    LogicalPath="Program1.Types.typ"
    Type="File"
    LastWriteTime="132624365109307066"
    Private="true" />
  <Object
    Path="C:\Users\leoch\OneDrive - HTBLA Kaindorf\4.Klasse\Labor\SR\2.Runde\Neuer Ordner\Stanze\Logical\Program1\Variables.var"
    LogicalPath="Program1.Variables.var"
    Type="File"
    LastWriteTime="132624371364706220"
    Private="true" />
  <Object
    Path="C:\Users\leoch\OneDrive - HTBLA Kaindorf\4.Klasse\Labor\SR\2.Runde\Neuer Ordner\Stanze\Physical\Config1\Config.pkg"
    LogicalPath="Config1"
    Type="Configuration.ParentUnknown"
    LastWriteTime="132624325184484205" />
  <Object
    Path="C:\Users\leoch\OneDrive - HTBLA Kaindorf\4.Klasse\Labor\SR\2.Runde\Neuer Ordner\Stanze\Physical\Config1\Hardware.hw"
    LogicalPath="Config1.Hardware.hw"
    Type="File"
    LastWriteTime="132624325148889113"
    Private="false" />
  <Object
    Path="C:\Users\leoch\OneDrive - HTBLA Kaindorf\4.Klasse\Labor\SR\2.Runde\Neuer Ordner\Stanze\Physical\Config1\Hardware.hwl"
    LogicalPath="Config1.Hardware.hwl"
    Type="File"
    LastWriteTime="132624333186769199"
    Private="false" />
  <Object
    Path="C:\Users\leoch\OneDrive - HTBLA Kaindorf\4.Klasse\Labor\SR\2.Runde\Neuer Ordner\Stanze\Physical\Config1\PC\Cpu.pkg"
    LogicalPath="Config1.PC"
    Type="Cpu"
    LastWriteTime="132624325155560059" />
  <Object
    Path="C:\Users\leoch\OneDrive - HTBLA Kaindorf\4.Klasse\Labor\SR\2.Runde\Neuer Ordner\Stanze\Physical\Config1\PC\Cpu.sw"
    LogicalPath="Config1.PC.Cpu.sw"
    Type="File"
    LastWriteTime="132624365117486062"
    Private="false" />
  <Object
    Path="C:\Users\leoch\OneDrive - HTBLA Kaindorf\4.Klasse\Labor\SR\2.Runde\Neuer Ordner\Stanze\Physical\Config1\PC\Cpu.per"
    LogicalPath="Config1.PC.Cpu.per"
    Type="File"
    LastWriteTime="132624325150810057"
    Private="false" />
  <Object
    Path="C:\Users\leoch\OneDrive - HTBLA Kaindorf\4.Klasse\Labor\SR\2.Runde\Neuer Ordner\Stanze\Physical\Config1\PC\IoMap.iom"
    LogicalPath="Config1.PC.IoMap.iom"
    Type="File"
    LastWriteTime="132624325150940078"
    Private="false" />
  <Object
    Path="C:\Users\leoch\OneDrive - HTBLA Kaindorf\4.Klasse\Labor\SR\2.Runde\Neuer Ordner\Stanze\Physical\Config1\PC\PvMap.vvm"
    LogicalPath="Config1.PC.PvMap.vvm"
    Type="File"
    LastWriteTime="132624325151020079"
    Private="false" />
  <Object
    Path="C:\Users\leoch\OneDrive - HTBLA Kaindorf\4.Klasse\Labor\SR\2.Runde\Neuer Ordner\Stanze\Physical\Config1\PC\Connectivity\Package.pkg"
    LogicalPath="Config1.PC.Connectivity"
    Type="Package"
    LastWriteTime="132624325151700060" />
  <Object
    Path="C:\Users\leoch\OneDrive - HTBLA Kaindorf\4.Klasse\Labor\SR\2.Runde\Neuer Ordner\Stanze\Physical\Config1\PC\Connectivity\OpcUA\Package.pkg"
    LogicalPath="Config1.PC.Connectivity.OpcUA"
    Type="Package"
    LastWriteTime="132624325151630058" />
  <Object
    Path="C:\Users\leoch\OneDrive - HTBLA Kaindorf\4.Klasse\Labor\SR\2.Runde\Neuer Ordner\Stanze\Physical\Config1\PC\TextSystem\Package.pkg"
    LogicalPath="Config1.PC.TextSystem"
    Type="Package"
    LastWriteTime="132624325151950094" />
  <Object
    Path="C:\Users\leoch\OneDrive - HTBLA Kaindorf\4.Klasse\Labor\SR\2.Runde\Neuer Ordner\Stanze\Physical\Config1\PC\UnitSystem\Package.pkg"
    LogicalPath="Config1.PC.UnitSystem"
    Type="Package"
    LastWriteTime="132624325152130055" />
  <Object
    Path="C:\Users\leoch\OneDrive - HTBLA Kaindorf\4.Klasse\Labor\SR\2.Runde\Neuer Ordner\Stanze\Physical\Config1\PC\AccessAndSecurity\Package.pkg"
    LogicalPath="Config1.PC.AccessAndSecurity"
    Type="Package"
    LastWriteTime="132624325153880061" />
  <Object
    Path="C:\Users\leoch\OneDrive - HTBLA Kaindorf\4.Klasse\Labor\SR\2.Runde\Neuer Ordner\Stanze\Physical\Config1\PC\AccessAndSecurity\UserRoleSystem\Package.pkg"
    LogicalPath="Config1.PC.AccessAndSecurity.UserRoleSystem"
    Type="Package"
    LastWriteTime="132624325152550062" />
  <Object
    Path="C:\Users\leoch\OneDrive - HTBLA Kaindorf\4.Klasse\Labor\SR\2.Runde\Neuer Ordner\Stanze\Physical\Config1\PC\AccessAndSecurity\UserRoleSystem\Role.role"
    LogicalPath="Config1.PC.AccessAndSecurity.UserRoleSystem.Role.role"
    Type="File"
    LastWriteTime="132624325152450062"
    Private="false" />
  <Object
    Path="C:\Users\leoch\OneDrive - HTBLA Kaindorf\4.Klasse\Labor\SR\2.Runde\Neuer Ordner\Stanze\Physical\Config1\PC\AccessAndSecurity\UserRoleSystem\User.user"
    LogicalPath="Config1.PC.AccessAndSecurity.UserRoleSystem.User.user"
    Type="File"
    LastWriteTime="132624325152550062"
    Private="false" />
  <Object
    Path="C:\Users\leoch\OneDrive - HTBLA Kaindorf\4.Klasse\Labor\SR\2.Runde\Neuer Ordner\Stanze\Physical\Config1\PC\AccessAndSecurity\CertificateStore\Package.pkg"
    LogicalPath="Config1.PC.AccessAndSecurity.CertificateStore"
    Type="Package"
    LastWriteTime="132624325153530056" />
  <Object
    Path="C:\Users\leoch\OneDrive - HTBLA Kaindorf\4.Klasse\Labor\SR\2.Runde\Neuer Ordner\Stanze\Physical\Config1\PC\AccessAndSecurity\CertificateStore\OwnCertificates\Package.pkg"
    LogicalPath="Config1.PC.AccessAndSecurity.CertificateStore.OwnCertificates"
    Type="Package"
    LastWriteTime="132624325152940056" />
  <Object
    Path="C:\Users\leoch\OneDrive - HTBLA Kaindorf\4.Klasse\Labor\SR\2.Runde\Neuer Ordner\Stanze\Physical\Config1\PC\AccessAndSecurity\CertificateStore\OwnCertificates\Certificates\Package.pkg"
    LogicalPath="Config1.PC.AccessAndSecurity.CertificateStore.OwnCertificates.Certificates"
    Type="Package"
    LastWriteTime="132624325152830059" />
  <Object
    Path="C:\Users\leoch\OneDrive - HTBLA Kaindorf\4.Klasse\Labor\SR\2.Runde\Neuer Ordner\Stanze\Physical\Config1\PC\AccessAndSecurity\CertificateStore\OwnCertificates\PrivateKeys\Package.pkg"
    LogicalPath="Config1.PC.AccessAndSecurity.CertificateStore.OwnCertificates.PrivateKeys"
    Type="Package"
    LastWriteTime="132624325152920055" />
  <Object
    Path="C:\Users\leoch\OneDrive - HTBLA Kaindorf\4.Klasse\Labor\SR\2.Runde\Neuer Ordner\Stanze\Physical\Config1\PC\AccessAndSecurity\CertificateStore\ThirdPartyCertificates\Package.pkg"
    LogicalPath="Config1.PC.AccessAndSecurity.CertificateStore.ThirdPartyCertificates"
    Type="Package"
    LastWriteTime="132624325153130060" />
  <Object
    Path="C:\Users\leoch\OneDrive - HTBLA Kaindorf\4.Klasse\Labor\SR\2.Runde\Neuer Ordner\Stanze\Physical\Config1\PC\AccessAndSecurity\CertificateStore\ThirdPartyCertificates\SoftwareCertificates\Package.pkg"
    LogicalPath="Config1.PC.AccessAndSecurity.CertificateStore.ThirdPartyCertificates.SoftwareCertificates"
    Type="Package"
    LastWriteTime="132624325153060062" />
  <Object
    Path="C:\Users\leoch\OneDrive - HTBLA Kaindorf\4.Klasse\Labor\SR\2.Runde\Neuer Ordner\Stanze\Physical\Config1\PC\AccessAndSecurity\CertificateStore\CertificateRevocationLists\Package.pkg"
    LogicalPath="Config1.PC.AccessAndSecurity.CertificateStore.CertificateRevocationLists"
    Type="Package"
    LastWriteTime="132624325153290073" />
  <Object
    Path="C:\Users\leoch\OneDrive - HTBLA Kaindorf\4.Klasse\Labor\SR\2.Runde\Neuer Ordner\Stanze\Physical\Config1\PC\AccessAndSecurity\CertificateStore\CertificateSigningRequests\Package.pkg"
    LogicalPath="Config1.PC.AccessAndSecurity.CertificateStore.CertificateSigningRequests"
    Type="Package"
    LastWriteTime="132624325153450067" />
  <Object
    Path="C:\Users\leoch\OneDrive - HTBLA Kaindorf\4.Klasse\Labor\SR\2.Runde\Neuer Ordner\Stanze\Physical\Config1\PC\AccessAndSecurity\TransportLayerSecurity\Package.pkg"
    LogicalPath="Config1.PC.AccessAndSecurity.TransportLayerSecurity"
    Type="Package"
    LastWriteTime="132624325153620054" />
  <Object
    Path="C:\Users\leoch\OneDrive - HTBLA Kaindorf\4.Klasse\Labor\SR\2.Runde\Neuer Ordner\Stanze\Physical\Config1\PC\AccessAndSecurity\Firewall\Package.pkg"
    LogicalPath="Config1.PC.AccessAndSecurity.Firewall"
    Type="Package"
    LastWriteTime="132624325153810054" />
  <Object
    Path="C:\Users\leoch\OneDrive - HTBLA Kaindorf\4.Klasse\Labor\SR\2.Runde\Neuer Ordner\Stanze\Physical\Config1\PC\AccessAndSecurity\Firewall\Rules.firewallRules"
    LogicalPath="Config1.PC.AccessAndSecurity.Firewall.Rules.firewallRules"
    Type="File"
    LastWriteTime="132624325153810054"
    Private="false" />
  <Object
    Path="C:\Users\leoch\OneDrive - HTBLA Kaindorf\4.Klasse\Labor\SR\2.Runde\Neuer Ordner\Stanze\Physical\Config1\PC\mappControl\Package.pkg"
    LogicalPath="Config1.PC.mappControl"
    Type="Package"
    LastWriteTime="132624325154060069" />
  <Object
    Path="C:\Users\leoch\OneDrive - HTBLA Kaindorf\4.Klasse\Labor\SR\2.Runde\Neuer Ordner\Stanze\Physical\Config1\PC\mappMotion\Package.pkg"
    LogicalPath="Config1.PC.mappMotion"
    Type="Package"
    LastWriteTime="132624325154240086" />
  <Object
    Path="C:\Users\leoch\OneDrive - HTBLA Kaindorf\4.Klasse\Labor\SR\2.Runde\Neuer Ordner\Stanze\Physical\Config1\PC\mappServices\Package.pkg"
    LogicalPath="Config1.PC.mappServices"
    Type="Package"
    LastWriteTime="132624325154350070" />
  <Object
    Path="C:\Users\leoch\OneDrive - HTBLA Kaindorf\4.Klasse\Labor\SR\2.Runde\Neuer Ordner\Stanze\Physical\Config1\PC\mappSafety\Package.pkg"
    LogicalPath="Config1.PC.mappSafety"
    Type="Package"
    LastWriteTime="132624325154730059" />
  <Object
    Path="C:\Users\leoch\OneDrive - HTBLA Kaindorf\4.Klasse\Labor\SR\2.Runde\Neuer Ordner\Stanze\Physical\Config1\PC\mappSafety\SafeApplication\Package.pkg"
    LogicalPath="Config1.PC.mappSafety.SafeApplication"
    Type="Package"
    LastWriteTime="132624325154480066" />
  <Object
    Path="C:\Users\leoch\OneDrive - HTBLA Kaindorf\4.Klasse\Labor\SR\2.Runde\Neuer Ordner\Stanze\Physical\Config1\PC\mappSafety\SafeCommissioning\Package.pkg"
    LogicalPath="Config1.PC.mappSafety.SafeCommissioning"
    Type="Package"
    LastWriteTime="132624325154660064" />
  <Object
    Path="C:\Users\leoch\OneDrive - HTBLA Kaindorf\4.Klasse\Labor\SR\2.Runde\Neuer Ordner\Stanze\Physical\Config1\PC\mappView\Package.pkg"
    LogicalPath="Config1.PC.mappView"
    Type="Package"
    LastWriteTime="132624325155200077" />
  <Object
    Path="C:\Users\leoch\OneDrive - HTBLA Kaindorf\4.Klasse\Labor\SR\2.Runde\Neuer Ordner\Stanze\Physical\Config1\PC\mappVision\Package.pkg"
    LogicalPath="Config1.PC.mappVision"
    Type="Package"
    LastWriteTime="132624325155370060" />
  <Object
    Path="C:\Users\leoch\OneDrive - HTBLA Kaindorf\4.Klasse\Labor\SR\2.Runde\Neuer Ordner\Stanze\Physical\Config1\PC\mappCockpit\Package.pkg"
    LogicalPath="Config1.PC.mappCockpit"
    Type="Package"
    LastWriteTime="132624325155490064" />
  <Object
    Path="C:\Users\leoch\OneDrive - HTBLA Kaindorf\4.Klasse\Labor\SR\2.Runde\Neuer Ordner\Stanze\Physical\Config1\Hardware.jpg"
    LogicalPath="Config1.Hardware.jpg"
    Type="File"
    LastWriteTime="132624333188209190"
    Private="false" />
</Objects>